\BOOKMARK [0][-]{chapter.1}{Introduction to the Linux Commandline}{}
\BOOKMARK [1][-]{section.1.1}{Why Use the Commandline}{chapter.1}
\BOOKMARK [1][-]{section.1.2}{General Remarks Regarding Using UNIX/Linux Systems}{chapter.1}
\BOOKMARK [1][-]{section.1.3}{General Structure of Linux Commands}{chapter.1}
\BOOKMARK [1][-]{section.1.4}{Getting Help}{chapter.1}
\BOOKMARK [1][-]{section.1.5}{Who am I, where am I}{chapter.1}
\BOOKMARK [0][-]{chapter.2}{Exercises}{}
\BOOKMARK [1][-]{section.2.1}{Misc. file tools}{chapter.2}
\BOOKMARK [1][-]{section.2.2}{Searching}{chapter.2}
\BOOKMARK [1][-]{section.2.3}{Misc. terminal}{chapter.2}
\BOOKMARK [1][-]{section.2.4}{Permissions}{chapter.2}
\BOOKMARK [1][-]{section.2.5}{Remote access}{chapter.2}
\BOOKMARK [1][-]{section.2.6}{IO and Redirections}{chapter.2}
\BOOKMARK [0][-]{chapter.3}{File Formats}{}
\BOOKMARK [1][-]{section.3.1}{Presentation Task}{chapter.3}
\BOOKMARK [0][-]{chapter.4}{Files}{}
\BOOKMARK [0][-]{chapter.5}{Quality Control}{}
\BOOKMARK [1][-]{section.5.1}{In this section you will need to use the following three files:}{chapter.5}
\BOOKMARK [1][-]{section.5.2}{SAMstat}{chapter.5}
\BOOKMARK [0][-]{chapter.6}{Aligning RNASeq Reads}{}
\BOOKMARK [1][-]{section.6.1}{Example 1 - arm.Xsubset.fastq}{chapter.6}
\BOOKMARK [1][-]{section.6.2}{Example 2 - smo.2Lsubset.fastq}{chapter.6}
\BOOKMARK [0][-]{chapter.7}{Samtools}{}
\BOOKMARK [1][-]{section.7.1}{Getting bored? Good to know:}{chapter.7}
\BOOKMARK [0][-]{chapter.8}{Estimating Expression}{}
\BOOKMARK [1][-]{section.8.1}{Example - Expression in the arm gene knockdown sample}{chapter.8}
\BOOKMARK [1][-]{section.8.2}{Review Questions:}{chapter.8}
\BOOKMARK [1][-]{section.8.3}{Task}{chapter.8}
\BOOKMARK [0][-]{chapter.9}{Estimating differential Expression}{}
\BOOKMARK [1][-]{section.9.1}{Example - Estimating significance of differential expression in the ARM gene knockdown compared to control.}{chapter.9}
\BOOKMARK [1][-]{section.9.2}{Use your linux know how}{chapter.9}
\BOOKMARK [1][-]{section.9.3}{Task}{chapter.9}
\BOOKMARK [0][-]{chapter.10}{Indices and tables}{}
